      Date & Time,  Trans,  Elap Time,  Data Trans,  Resp Time,  Trans Rate,  Throughput,  Concurrent,    OKAY,   Failed
2015-09-02 20:46:17,     20,     316.46,           0,       9.28,        0.06,        0.00,        0.59,      20,     100
2015-09-02 21:01:14,     77,     255.30,           3,      15.93,        0.30,        0.01,        4.80,      77,      43
2015-09-02 21:15:35,     96,     229.69,           4,      15.97,        0.42,        0.02,        6.68,      96,      24
2015-09-02 21:30:31,     20,     318.18,           0,       9.01,        0.06,        0.00,        0.57,      20,     100
2015-09-02 22:10:42,    108,     216.93,           5,       7.77,        0.50,        0.02,        3.87,     108,       0
2015-09-02 22:18:03,    104,     360.59,           5,      12.55,        0.29,        0.01,        3.62,     104,       4

Rubocop: Range#cover? Via: GET
2016-08-13 14:32:50,    204,       9.55,           0,       0.18,       21.36,        0.00,        3.84,     200,       0
2016-08-13 14:35:20,    204,      12.42,           0,       0.24,       16.43,        0.00,        3.92,     200,       0
2016-08-13 14:37:56,    204,      15.45,           0,       0.30,       13.20,        0.00,        3.95,     200,       0
2016-08-13 14:40:40,    204,      15.60,           0,       0.30,       13.08,        0.00,        3.97,     200,       0

Rubocop: Range#cover? Via: kubosch
2016-08-13 16:41:52,    204,       4.46,           0,       0.09,       45.74,        0.00,        3.98,     200,       0
2016-08-13 16:44:50,    204,       5.07,           0,       0.10,       40.24,        0.00,        3.91,     200,       0
2016-08-13 16:46:56,    204,       7.86,           0,       0.15,       25.95,        0.00,        3.82,     200,       0

2016-08-15 21:31:10,    204,       9.00,           0,       0.17,       22.67,        0.00,        3.82,     200,       0
2016-08-16 03:22:58,    204,      11.76,           0,       0.23,       17.35,        0.00,        3.97,     200,       0

Frozen string literals + ARJDBC 1.3.21:
      Date & Time,  Trans,  Elap Time,  Data Trans,  Resp Time,  Trans Rate,  Throughput,  Concurrent,    OKAY,   Failed
2016-08-19 19:12:22,    204,      13.82,           1,       0.27,       14.76,        0.07,        3.98,     200,       0
2016-08-20 12:56:12,      0,       0.15,           0,        inf,        0.00,        0.00,        7.07,      10,       0
2016-08-20 14:05:24,   1020,    2281.21,          21,      22.28,        0.45,        0.01,        9.96,    1020,       0
2016-08-20 15:27:05,   1020,    2546.70,          21,      24.86,        0.40,        0.01,        9.96,    1020,       0
2016-08-20 16:53:50,   1020,    2888.94,          21,      28.25,        0.35,        0.01,        9.98,    1020,       0
2016-08-20 18:25:00,   1016,    3102.01,          21,      30.37,        0.33,        0.01,        9.95,    1016,       4
2016-08-20 18:26:02,      0,       0.22,           0,        nan,        0.00,        0.00,        0.00,       0,       0
2016-08-20 19:56:21,   1020,    3122.84,          21,      30.50,        0.33,        0.01,        9.96,    1020,       0
